<?xml version="1.0" encoding="UTF-8"?>
<!-- Generated by org.testng.reporters.JUnitReportReporter -->
<testsuite hostname="Mez_Laptop" failures="0" tests="1" name="com.website.TestCases.RegisterTest" time="3.013" errors="0" timestamp="2024-07-15T23:26:05 EDT" skipped="0">
  <testcase classname="com.website.TestCases.RegisterTest" name="verifyRegisterWithAllDetails" time="3.013"/>
</testsuite> <!-- com.website.TestCases.RegisterTest -->
